<?xml version="1.0" encoding="UTF-8"?>
<testng-results ignored="0" total="1" passed="1" failed="0" skipped="0">
  <reporter-output>
    <line>
      <![CDATA[Tc1 running]]>
    </line>
    <line>
      <![CDATA[TC1 jumping]]>
    </line>
  </reporter-output>
  <suite started-at="2023-01-08T15:59:12 IST" name="Default suite" finished-at="2023-01-08T15:59:12 IST" duration-ms="69">
    <groups>
    </groups>
    <test started-at="2023-01-08T15:59:12 IST" name="Default test" finished-at="2023-01-08T15:59:12 IST" duration-ms="69">
      <class name="test_cases.Tc1Test">
        <test-method signature="m1()[pri:0, instance:test_cases.Tc1Test@1e683a3e]" started-at="2023-01-08T15:59:12 IST" name="m1" finished-at="2023-01-08T15:59:12 IST" duration-ms="12" status="PASS">
          <reporter-output>
            <line>
              <![CDATA[Tc1 running]]>
            </line>
            <line>
              <![CDATA[TC1 jumping]]>
            </line>
          </reporter-output>
        </test-method> <!-- m1 -->
      </class> <!-- test_cases.Tc1Test -->
    </test> <!-- Default test -->
  </suite> <!-- Default suite -->
</testng-results>
