<?xml version="1.0" encoding="UTF-8"?>
<testng-results ignored="0" total="3" passed="3" failed="0" skipped="0">
  <reporter-output>
    <line>
      <![CDATA[Tc3 running]]>
    </line>
    <line>
      <![CDATA[Tc1 running]]>
    </line>
    <line>
      <![CDATA[Tc2 running]]>
    </line>
  </reporter-output>
  <suite started-at="2023-01-04T20:43:22 IST" name="Suite" finished-at="2023-01-04T20:43:23 IST" duration-ms="240">
    <groups>
    </groups>
    <test started-at="2023-01-04T20:43:22 IST" name="Test" finished-at="2023-01-04T20:43:23 IST" duration-ms="240">
      <class name="test_cases.Tc2Test">
        <test-method signature="m2()[pri:0, instance:test_cases.Tc2Test@16610890]" started-at="2023-01-04T20:43:23 IST" name="m2" finished-at="2023-01-04T20:43:23 IST" duration-ms="1" status="PASS">
          <reporter-output>
            <line>
              <![CDATA[Tc2 running]]>
            </line>
          </reporter-output>
        </test-method> <!-- m2 -->
      </class> <!-- test_cases.Tc2Test -->
      <class name="test_cases.Tc1Test">
        <test-method signature="m1()[pri:0, instance:test_cases.Tc1Test@3bf9ce3e]" started-at="2023-01-04T20:43:23 IST" name="m1" finished-at="2023-01-04T20:43:23 IST" duration-ms="1" status="PASS">
          <reporter-output>
            <line>
              <![CDATA[Tc1 running]]>
            </line>
          </reporter-output>
        </test-method> <!-- m1 -->
      </class> <!-- test_cases.Tc1Test -->
      <class name="test_cases.Tc3Test">
        <test-method signature="m3()[pri:0, instance:test_cases.Tc3Test@3c73951]" started-at="2023-01-04T20:43:23 IST" name="m3" finished-at="2023-01-04T20:43:23 IST" duration-ms="10" status="PASS">
          <reporter-output>
            <line>
              <![CDATA[Tc3 running]]>
            </line>
          </reporter-output>
        </test-method> <!-- m3 -->
      </class> <!-- test_cases.Tc3Test -->
    </test> <!-- Test -->
  </suite> <!-- Suite -->
</testng-results>
